2021-07-05 16:27 INFO  PoolChecker -Service mode was switched on
2021-07-05 16:27 INFO  PoolChecker -Service mode was switched off
2021-07-05 16:27 INFO  PoolChecker -Service mode was switched on
2021-07-05 16:27 INFO  PoolChecker -Service mode was switched off
2021-07-05 16:27 INFO  PoolChecker -Service mode was switched on
2021-07-05 16:27 INFO  PoolChecker -Service mode was switched off
2021-07-05 16:27 INFO  PoolChecker -Service mode was switched on
2021-07-05 16:27 INFO  PoolChecker -Service mode was switched off
2021-07-05 16:27 INFO  PoolChecker -Service mode was switched on
2021-07-05 16:27 INFO  PoolChecker -Service mode was switched off
2021-07-05 16:27 INFO  PoolChecker -Service mode was switched on
2021-07-05 16:27 INFO  PoolChecker -Service mode was switched off
2021-07-05 16:27 INFO  PoolChecker -Service mode was switched on
2021-07-05 16:27 INFO  PoolChecker -Service mode was switched off
2021-07-05 16:27 INFO  PoolChecker -Service mode was switched on
2021-07-05 16:27 INFO  PoolChecker -Service mode was switched off
2021-07-05 16:27 INFO  PoolChecker -Service mode was switched on
2021-07-05 16:27 INFO  PoolChecker -Service mode was switched off
2021-07-05 16:27 INFO  PoolChecker -Service mode was switched on
2021-07-05 16:27 INFO  PoolChecker -Service mode was switched off
2021-07-05 16:27 INFO  PoolChecker -Service mode was switched on
2021-07-05 16:27 INFO  PoolChecker -Service mode was switched off
2021-07-05 16:27 INFO  PoolChecker -Service mode was switched on
2021-07-05 16:27 INFO  PoolChecker -Service mode was switched off
2021-07-05 16:27 INFO  PoolChecker -Service mode was switched on
2021-07-05 16:27 INFO  PoolChecker -Service mode was switched off
2021-07-05 16:27 INFO  PoolChecker -Service mode was switched on
2021-07-05 16:27 INFO  PoolChecker -Service mode was switched off
2021-07-05 16:27 INFO  PoolChecker -Service mode was switched on
2021-07-05 16:27 INFO  PoolChecker -Service mode was switched off
2021-07-05 16:27 INFO  PoolChecker -Service mode was switched on
2021-07-05 16:27 INFO  PoolChecker -Service mode was switched off
2021-07-05 16:27 INFO  PoolChecker -Service mode was switched on
2021-07-05 16:27 INFO  PoolChecker -Service mode was switched off
2021-07-05 16:27 INFO  PoolChecker -Service mode was switched on
2021-07-05 16:27 INFO  PoolChecker -Service mode was switched off
2021-07-05 16:27 INFO  PoolChecker -Service mode was switched on
2021-07-05 16:27 INFO  PoolChecker -Service mode was switched off
2021-07-05 16:27 INFO  PoolChecker -Service mode was switched on
2021-07-05 16:27 INFO  PoolChecker -Service mode was switched off
2021-07-05 16:27 INFO  PoolChecker -Service mode was switched on
2021-07-05 16:27 INFO  PoolChecker -Service mode was switched off
2021-07-05 16:27 INFO  PoolChecker -Service mode was switched on
2021-07-05 16:27 INFO  PoolChecker -Service mode was switched off
2021-07-05 16:27 INFO  PoolChecker -Service mode was switched on
2021-07-05 16:27 INFO  PoolChecker -Service mode was switched off
2021-07-05 16:27 INFO  PoolChecker -Service mode was switched on
2021-07-05 16:27 INFO  PoolChecker -Service mode was switched off
2021-07-05 16:27 INFO  PoolChecker -Service mode was switched on
2021-07-05 16:27 INFO  PoolChecker -Service mode was switched off
2021-07-05 16:27 INFO  PoolChecker -Service mode was switched on
2021-07-05 16:27 INFO  PoolChecker -Service mode was switched off
2021-07-05 16:27 INFO  PoolChecker -Service mode was switched on
2021-07-05 16:27 INFO  PoolChecker -Service mode was switched off
2021-07-05 16:27 INFO  PoolChecker -Service mode was switched on
2021-07-05 16:27 INFO  PoolChecker -Service mode was switched off
2021-07-05 16:27 INFO  PoolChecker -Service mode was switched on
2021-07-05 16:27 INFO  PoolChecker -Service mode was switched off
2021-07-05 16:27 INFO  PoolChecker -Service mode was switched on
2021-07-05 16:27 INFO  PoolChecker -Service mode was switched off
2021-07-05 16:27 INFO  PoolChecker -Service mode was switched on
2021-07-05 16:27 INFO  PoolChecker -Service mode was switched off
2021-07-05 16:27 INFO  PoolChecker -Service mode was switched on
2021-07-05 16:27 INFO  PoolChecker -Service mode was switched off
2021-07-05 16:27 INFO  PoolChecker -Service mode was switched on
2021-07-05 16:27 INFO  PoolChecker -Service mode was switched off
2021-07-05 16:27 INFO  PoolChecker -Service mode was switched on
2021-07-05 16:27 INFO  PoolChecker -Service mode was switched off
2021-07-05 16:27 INFO  PoolChecker -Service mode was switched on
2021-07-05 16:27 INFO  PoolChecker -Service mode was switched off
2021-07-05 16:27 INFO  PoolChecker -Service mode was switched on
2021-07-05 16:27 INFO  PoolChecker -Service mode was switched off
2021-07-05 16:27 INFO  PoolChecker -Service mode was switched on
2021-07-05 16:27 INFO  PoolChecker -Service mode was switched off
2021-07-05 16:27 INFO  PoolChecker -Service mode was switched on
2021-07-05 16:27 INFO  PoolChecker -Service mode was switched off
2021-07-05 16:27 INFO  PoolChecker -Service mode was switched on
2021-07-05 16:27 INFO  PoolChecker -Service mode was switched off
2021-07-05 16:27 INFO  PoolChecker -Service mode was switched on
2021-07-05 16:27 INFO  PoolChecker -Service mode was switched off
2021-07-05 16:28 INFO  PoolChecker -Service mode was switched on
2021-07-05 16:28 INFO  PoolChecker -Service mode was switched off
2021-07-05 16:28 INFO  PoolChecker -Service mode was switched on
2021-07-05 16:28 INFO  PoolChecker -Service mode was switched off
2021-07-05 16:28 INFO  PoolChecker -Service mode was switched on
2021-07-05 16:28 INFO  PoolChecker -Service mode was switched off
2021-07-05 16:28 INFO  PoolChecker -Service mode was switched on
2021-07-05 16:28 INFO  PoolChecker -Service mode was switched off
2021-07-05 16:28 INFO  PoolChecker -Service mode was switched on
2021-07-05 16:28 INFO  PoolChecker -Service mode was switched off
2021-07-05 16:28 INFO  PoolChecker -Service mode was switched on
2021-07-05 16:28 INFO  PoolChecker -Service mode was switched off
2021-07-05 16:28 INFO  PoolChecker -Service mode was switched on
2021-07-05 16:28 INFO  PoolChecker -Service mode was switched off
2021-07-05 16:28 INFO  PoolChecker -Service mode was switched on
2021-07-05 16:28 INFO  PoolChecker -Service mode was switched off
2021-07-05 16:28 INFO  PoolChecker -Service mode was switched on
2021-07-05 16:28 INFO  PoolChecker -Service mode was switched off
2021-07-05 16:28 INFO  PoolChecker -Service mode was switched on
2021-07-05 16:28 INFO  PoolChecker -Service mode was switched off
2021-07-05 16:28 INFO  PoolChecker -Service mode was switched on
2021-07-05 16:28 INFO  PoolChecker -Service mode was switched off
2021-07-05 16:28 INFO  PoolChecker -Service mode was switched on
2021-07-05 16:28 INFO  PoolChecker -Service mode was switched off
2021-07-17 11:37 INFO  PoolChecker -Service mode was switched on
2021-07-17 11:37 INFO  PoolChecker -Service mode was switched off
2021-07-17 12:37 INFO  PoolChecker -Service mode was switched on
2021-07-17 12:37 INFO  PoolChecker -Service mode was switched off
2021-07-17 13:37 INFO  PoolChecker -Service mode was switched on
2021-07-17 13:37 INFO  PoolChecker -Service mode was switched off
2021-07-17 14:37 INFO  PoolChecker -Service mode was switched on
2021-07-17 14:37 INFO  PoolChecker -Service mode was switched off
2021-07-26 23:17 INFO  PoolChecker -Service mode was switched on
2021-07-26 23:17 INFO  PoolChecker -Service mode was switched off
2021-07-28 22:57 INFO  PoolChecker -Service mode was switched on
2021-07-28 22:57 INFO  PoolChecker -Service mode was switched off
2021-07-29 17:52 INFO  PoolChecker -Service mode was switched on
2021-07-29 17:52 INFO  PoolChecker -Service mode was switched off
2021-07-29 21:32 INFO  PoolChecker -Service mode was switched on
2021-07-29 21:32 INFO  PoolChecker -Service mode was switched off
2021-07-29 22:34 INFO  BaseDao -Were found 3 users
2021-07-29 22:50 INFO  BaseDao -Were found 3 instruments
2021-07-29 22:50 INFO  BaseDao -Were found 3 instruments
2021-07-29 22:52 INFO  BaseDao -Were found 3 instruments
2021-07-29 22:55 INFO  BaseDao -Were found 3 instruments
2021-07-29 22:57 INFO  BaseDao -Were found 3 instruments
2021-07-29 22:57 INFO  BaseDao -Were found 3 instruments
2021-07-29 22:58 INFO  BaseDao -Were found 3 instruments
2021-07-29 22:58 INFO  BaseDao -Were found 3 instruments
2021-07-29 23:58 INFO  PoolChecker -Service mode was switched on
2021-07-29 23:58 INFO  PoolChecker -Service mode was switched off
2021-07-30 00:24 INFO  BaseDao -Were found 3 instruments
2021-07-30 00:24 INFO  BaseDao -Were found 3 instruments
2021-07-30 00:25 INFO  BaseDao -Were found 3 instruments
2021-07-30 00:25 INFO  BaseDao -Were found 3 instruments
2021-07-30 00:25 INFO  BaseDao -Were found 3 instruments
2021-07-30 17:42 INFO  BaseDao -Were found 3 instruments
2021-07-30 17:42 INFO  BaseDao -Were found 3 instruments
2021-07-30 17:42 INFO  BaseDao -Were found 3 instruments
2021-07-31 21:13 INFO  PoolChecker -Service mode was switched on
2021-07-31 21:13 INFO  PoolChecker -Service mode was switched off
2021-08-01 15:48 INFO  PoolChecker -Service mode was switched on
2021-08-01 15:48 INFO  PoolChecker -Service mode was switched off
2021-08-07 10:52 INFO  PoolChecker -Service mode was switched on
2021-08-07 10:52 INFO  PoolChecker -Service mode was switched off
2021-08-07 11:52 INFO  PoolChecker -Service mode was switched on
2021-08-07 11:52 INFO  PoolChecker -Service mode was switched off
2021-08-07 13:46 INFO  PoolChecker -Service mode was switched on
2021-08-07 13:46 INFO  PoolChecker -Service mode was switched off
2021-08-07 22:10 INFO  PoolChecker -Service mode was switched on
2021-08-07 22:10 INFO  PoolChecker -Service mode was switched off
2021-08-08 10:47 INFO  PoolChecker -Service mode was switched on
2021-08-08 10:47 INFO  PoolChecker -Service mode was switched off
2021-08-08 11:47 INFO  PoolChecker -Service mode was switched on
2021-08-08 11:47 INFO  PoolChecker -Service mode was switched off
2021-08-08 14:31 INFO  PoolChecker -Service mode was switched on
2021-08-08 14:31 INFO  PoolChecker -Service mode was switched off
2021-08-08 15:31 INFO  PoolChecker -Service mode was switched on
2021-08-08 15:31 INFO  PoolChecker -Service mode was switched off
2021-08-08 16:31 INFO  PoolChecker -Service mode was switched on
2021-08-08 16:31 INFO  PoolChecker -Service mode was switched off
2021-08-10 17:26 INFO  BaseDao -Were found 1 instruments
2021-08-10 18:26 INFO  PoolChecker -Service mode was switched on
2021-08-10 18:26 INFO  PoolChecker -Service mode was switched off
2021-08-10 19:26 INFO  PoolChecker -Service mode was switched on
2021-08-10 19:26 INFO  PoolChecker -Service mode was switched off
2021-08-11 16:34 INFO  BaseDao -Were found 1 instruments
2021-08-11 16:38 INFO  BaseDao -Were found 1 instruments
2021-08-11 17:38 INFO  PoolChecker -Service mode was switched on
2021-08-11 17:38 INFO  PoolChecker -Service mode was switched off
2021-08-13 01:51 INFO  BaseDao -Were found 1 instruments
2021-08-13 01:53 INFO  BaseDao -Were found 1 instruments
2021-08-14 09:58 ERROR BaseDao -Can't count row count. 
java.sql.SQLException: No value specified for parameter 1
	at com.mysql.cj.jdbc.exceptions.SQLError.createSQLException(SQLError.java:129) ~[mysql-connector-java-8.0.25.jar:8.0.25]
	at com.mysql.cj.jdbc.exceptions.SQLExceptionsMapping.translateException(SQLExceptionsMapping.java:122) ~[mysql-connector-java-8.0.25.jar:8.0.25]
	at com.mysql.cj.jdbc.ClientPreparedStatement.executeQuery(ClientPreparedStatement.java:1020) ~[mysql-connector-java-8.0.25.jar:8.0.25]
	at com.shinkarev.musicshop.dao.impl.InstrumentDaoImpl.rowCountByQuery(InstrumentDaoImpl.java:39) [classes/:?]
	at com.shinkarev.musicshop.dao.impl.InstrumentDaoImpl.getInstrumentTypeCount(InstrumentDaoImpl.java:31) [classes/:?]
	at com.shinkarev.musicshop.service.impl.InstrumentServiceImpl.getInstrumentTypeCount(InstrumentServiceImpl.java:28) [classes/:?]
	at com.shinkarev.musicshop.Main.main(Main.java:98) [classes/:?]
2021-08-14 09:58 ERROR InstrumentServiceImpl -Error with instrument count .
com.shinkarev.musicshop.exception.DaoException: Can't count row count.
	at com.shinkarev.musicshop.dao.impl.InstrumentDaoImpl.rowCountByQuery(InstrumentDaoImpl.java:45) ~[classes/:?]
	at com.shinkarev.musicshop.dao.impl.InstrumentDaoImpl.getInstrumentTypeCount(InstrumentDaoImpl.java:31) ~[classes/:?]
	at com.shinkarev.musicshop.service.impl.InstrumentServiceImpl.getInstrumentTypeCount(InstrumentServiceImpl.java:28) [classes/:?]
	at com.shinkarev.musicshop.Main.main(Main.java:98) [classes/:?]
Caused by: java.sql.SQLException: No value specified for parameter 1
	at com.mysql.cj.jdbc.exceptions.SQLError.createSQLException(SQLError.java:129) ~[mysql-connector-java-8.0.25.jar:8.0.25]
	at com.mysql.cj.jdbc.exceptions.SQLExceptionsMapping.translateException(SQLExceptionsMapping.java:122) ~[mysql-connector-java-8.0.25.jar:8.0.25]
	at com.mysql.cj.jdbc.ClientPreparedStatement.executeQuery(ClientPreparedStatement.java:1020) ~[mysql-connector-java-8.0.25.jar:8.0.25]
	at com.shinkarev.musicshop.dao.impl.InstrumentDaoImpl.rowCountByQuery(InstrumentDaoImpl.java:39) ~[classes/:?]
	... 3 more
2021-08-14 10:03 ERROR BaseDao -Can't count row count. 
java.sql.SQLException: No value specified for parameter 1
	at com.mysql.cj.jdbc.exceptions.SQLError.createSQLException(SQLError.java:129) ~[mysql-connector-java-8.0.25.jar:8.0.25]
	at com.mysql.cj.jdbc.exceptions.SQLExceptionsMapping.translateException(SQLExceptionsMapping.java:122) ~[mysql-connector-java-8.0.25.jar:8.0.25]
	at com.mysql.cj.jdbc.ClientPreparedStatement.executeQuery(ClientPreparedStatement.java:1020) ~[mysql-connector-java-8.0.25.jar:8.0.25]
	at com.shinkarev.musicshop.dao.impl.InstrumentDaoImpl.rowCountByQuery(InstrumentDaoImpl.java:39) [classes/:?]
	at com.shinkarev.musicshop.dao.impl.InstrumentDaoImpl.getInstrumentTypeCount(InstrumentDaoImpl.java:31) [classes/:?]
	at com.shinkarev.musicshop.service.impl.InstrumentServiceImpl.getInstrumentTypeCount(InstrumentServiceImpl.java:28) [classes/:?]
	at com.shinkarev.musicshop.Main.main(Main.java:98) [classes/:?]
2021-08-14 10:03 ERROR InstrumentServiceImpl -Error with instrument count .
com.shinkarev.musicshop.exception.DaoException: Can't count row count.
	at com.shinkarev.musicshop.dao.impl.InstrumentDaoImpl.rowCountByQuery(InstrumentDaoImpl.java:45) ~[classes/:?]
	at com.shinkarev.musicshop.dao.impl.InstrumentDaoImpl.getInstrumentTypeCount(InstrumentDaoImpl.java:31) ~[classes/:?]
	at com.shinkarev.musicshop.service.impl.InstrumentServiceImpl.getInstrumentTypeCount(InstrumentServiceImpl.java:28) [classes/:?]
	at com.shinkarev.musicshop.Main.main(Main.java:98) [classes/:?]
Caused by: java.sql.SQLException: No value specified for parameter 1
	at com.mysql.cj.jdbc.exceptions.SQLError.createSQLException(SQLError.java:129) ~[mysql-connector-java-8.0.25.jar:8.0.25]
	at com.mysql.cj.jdbc.exceptions.SQLExceptionsMapping.translateException(SQLExceptionsMapping.java:122) ~[mysql-connector-java-8.0.25.jar:8.0.25]
	at com.mysql.cj.jdbc.ClientPreparedStatement.executeQuery(ClientPreparedStatement.java:1020) ~[mysql-connector-java-8.0.25.jar:8.0.25]
	at com.shinkarev.musicshop.dao.impl.InstrumentDaoImpl.rowCountByQuery(InstrumentDaoImpl.java:39) ~[classes/:?]
	... 3 more
2021-08-14 10:07 ERROR BaseDao -Can't count row count. 
java.sql.SQLException: No value specified for parameter 1
	at com.mysql.cj.jdbc.exceptions.SQLError.createSQLException(SQLError.java:129) ~[mysql-connector-java-8.0.25.jar:8.0.25]
	at com.mysql.cj.jdbc.exceptions.SQLExceptionsMapping.translateException(SQLExceptionsMapping.java:122) ~[mysql-connector-java-8.0.25.jar:8.0.25]
	at com.mysql.cj.jdbc.ClientPreparedStatement.executeQuery(ClientPreparedStatement.java:1020) ~[mysql-connector-java-8.0.25.jar:8.0.25]
	at com.shinkarev.musicshop.dao.impl.InstrumentDaoImpl.rowCountByQuery(InstrumentDaoImpl.java:39) [classes/:?]
	at com.shinkarev.musicshop.dao.impl.InstrumentDaoImpl.getInstrumentTypeCount(InstrumentDaoImpl.java:31) [classes/:?]
	at com.shinkarev.musicshop.service.impl.InstrumentServiceImpl.getInstrumentTypeCount(InstrumentServiceImpl.java:28) [classes/:?]
	at com.shinkarev.musicshop.Main.main(Main.java:98) [classes/:?]
2021-08-14 10:07 ERROR InstrumentServiceImpl -Error with instrument count .
com.shinkarev.musicshop.exception.DaoException: Can't count row count.
	at com.shinkarev.musicshop.dao.impl.InstrumentDaoImpl.rowCountByQuery(InstrumentDaoImpl.java:45) ~[classes/:?]
	at com.shinkarev.musicshop.dao.impl.InstrumentDaoImpl.getInstrumentTypeCount(InstrumentDaoImpl.java:31) ~[classes/:?]
	at com.shinkarev.musicshop.service.impl.InstrumentServiceImpl.getInstrumentTypeCount(InstrumentServiceImpl.java:28) [classes/:?]
	at com.shinkarev.musicshop.Main.main(Main.java:98) [classes/:?]
Caused by: java.sql.SQLException: No value specified for parameter 1
	at com.mysql.cj.jdbc.exceptions.SQLError.createSQLException(SQLError.java:129) ~[mysql-connector-java-8.0.25.jar:8.0.25]
	at com.mysql.cj.jdbc.exceptions.SQLExceptionsMapping.translateException(SQLExceptionsMapping.java:122) ~[mysql-connector-java-8.0.25.jar:8.0.25]
	at com.mysql.cj.jdbc.ClientPreparedStatement.executeQuery(ClientPreparedStatement.java:1020) ~[mysql-connector-java-8.0.25.jar:8.0.25]
	at com.shinkarev.musicshop.dao.impl.InstrumentDaoImpl.rowCountByQuery(InstrumentDaoImpl.java:39) ~[classes/:?]
	... 3 more
2021-08-14 10:08 ERROR BaseDao -Can't count row count. 
java.sql.SQLException: No value specified for parameter 1
	at com.mysql.cj.jdbc.exceptions.SQLError.createSQLException(SQLError.java:129) ~[mysql-connector-java-8.0.25.jar:8.0.25]
	at com.mysql.cj.jdbc.exceptions.SQLExceptionsMapping.translateException(SQLExceptionsMapping.java:122) ~[mysql-connector-java-8.0.25.jar:8.0.25]
	at com.mysql.cj.jdbc.ClientPreparedStatement.executeQuery(ClientPreparedStatement.java:1020) ~[mysql-connector-java-8.0.25.jar:8.0.25]
	at com.shinkarev.musicshop.dao.impl.InstrumentDaoImpl.rowCountByQuery(InstrumentDaoImpl.java:39) [classes/:?]
	at com.shinkarev.musicshop.dao.impl.InstrumentDaoImpl.getInstrumentTypeCount(InstrumentDaoImpl.java:31) [classes/:?]
	at com.shinkarev.musicshop.service.impl.InstrumentServiceImpl.getInstrumentTypeCount(InstrumentServiceImpl.java:28) [classes/:?]
	at com.shinkarev.musicshop.Main.main(Main.java:98) [classes/:?]
2021-08-14 10:08 ERROR InstrumentServiceImpl -Error with instrument count .
com.shinkarev.musicshop.exception.DaoException: Can't count row count.
	at com.shinkarev.musicshop.dao.impl.InstrumentDaoImpl.rowCountByQuery(InstrumentDaoImpl.java:45) ~[classes/:?]
	at com.shinkarev.musicshop.dao.impl.InstrumentDaoImpl.getInstrumentTypeCount(InstrumentDaoImpl.java:31) ~[classes/:?]
	at com.shinkarev.musicshop.service.impl.InstrumentServiceImpl.getInstrumentTypeCount(InstrumentServiceImpl.java:28) [classes/:?]
	at com.shinkarev.musicshop.Main.main(Main.java:98) [classes/:?]
Caused by: java.sql.SQLException: No value specified for parameter 1
	at com.mysql.cj.jdbc.exceptions.SQLError.createSQLException(SQLError.java:129) ~[mysql-connector-java-8.0.25.jar:8.0.25]
	at com.mysql.cj.jdbc.exceptions.SQLExceptionsMapping.translateException(SQLExceptionsMapping.java:122) ~[mysql-connector-java-8.0.25.jar:8.0.25]
	at com.mysql.cj.jdbc.ClientPreparedStatement.executeQuery(ClientPreparedStatement.java:1020) ~[mysql-connector-java-8.0.25.jar:8.0.25]
	at com.shinkarev.musicshop.dao.impl.InstrumentDaoImpl.rowCountByQuery(InstrumentDaoImpl.java:39) ~[classes/:?]
	... 3 more
2021-08-14 13:19 INFO  PoolChecker -Service mode was switched on
2021-08-14 13:19 INFO  PoolChecker -Service mode was switched off
2021-08-14 14:19 INFO  PoolChecker -Service mode was switched on
2021-08-14 14:19 INFO  PoolChecker -Service mode was switched off
2021-08-14 18:06 INFO  PoolChecker -Service mode was switched on
2021-08-14 18:06 INFO  PoolChecker -Service mode was switched off
2021-08-15 14:53 ERROR BaseDao -Can't count row count. 
java.sql.SQLSyntaxErrorException: You have an error in your SQL syntax; check the manual that corresponds to your MySQL server version for the right syntax to use near 'as tbl' at line 1
	at com.mysql.cj.jdbc.exceptions.SQLError.createSQLException(SQLError.java:120) ~[mysql-connector-java-8.0.25.jar:8.0.25]
	at com.mysql.cj.jdbc.exceptions.SQLExceptionsMapping.translateException(SQLExceptionsMapping.java:122) ~[mysql-connector-java-8.0.25.jar:8.0.25]
	at com.mysql.cj.jdbc.ClientPreparedStatement.executeInternal(ClientPreparedStatement.java:953) ~[mysql-connector-java-8.0.25.jar:8.0.25]
	at com.mysql.cj.jdbc.ClientPreparedStatement.executeQuery(ClientPreparedStatement.java:1003) ~[mysql-connector-java-8.0.25.jar:8.0.25]
	at com.shinkarev.musicshop.dao.impl.InstrumentDaoImpl.instrumentRowCountByQuery(InstrumentDaoImpl.java:57) [classes/:?]
	at com.shinkarev.musicshop.dao.impl.InstrumentDaoImpl.getInstrumentCount(InstrumentDaoImpl.java:31) [classes/:?]
	at com.shinkarev.musicshop.Main.main(Main.java:98) [classes/:?]
2021-08-15 16:13 INFO  PoolChecker -Service mode was switched on
2021-08-15 16:13 INFO  PoolChecker -Service mode was switched off
